-------------------------------------------------------------------------------
Test set: calculator.TestRoot$IntegrationTests
-------------------------------------------------------------------------------
Tests run: 2, Failures: 2, Errors: 0, Skipped: 0, Time elapsed: 0.008 s <<< FAILURE! -- in calculator.TestRoot$IntegrationTests
calculator.TestRoot$IntegrationTests.shouldEvaluateCompleteRootExpression -- Time elapsed: 0.003 s <<< FAILURE!
org.opentest4j.AssertionFailedError: Unexpected type, expected: <calculator.values.RealValue> but was: <calculator.values.IntegerValue>
	at org.junit.jupiter.api.AssertionFailureBuilder.build(AssertionFailureBuilder.java:151)
	at org.junit.jupiter.api.AssertionFailureBuilder.buildAndThrow(AssertionFailureBuilder.java:132)
	at org.junit.jupiter.api.AssertInstanceOf.assertInstanceOf(AssertInstanceOf.java:49)
	at org.junit.jupiter.api.AssertInstanceOf.assertInstanceOf(AssertInstanceOf.java:31)
	at org.junit.jupiter.api.Assertions.assertInstanceOf(Assertions.java:3614)
	at calculator.TestRoot$IntegrationTests.shouldEvaluateCompleteRootExpression(TestRoot.java:184)
	at java.base/java.lang.reflect.Method.invoke(Method.java:580)
	at java.base/java.util.ArrayList.forEach(ArrayList.java:1596)
	at java.base/java.util.ArrayList.forEach(ArrayList.java:1596)
	at java.base/java.util.ArrayList.forEach(ArrayList.java:1596)

calculator.TestRoot$IntegrationTests.shouldHandleMixedTypeRoots -- Time elapsed: 0.003 s <<< FAILURE!
org.opentest4j.AssertionFailedError: Unexpected type, expected: <calculator.values.RealValue> but was: <calculator.values.IntegerValue>
	at org.junit.jupiter.api.AssertionFailureBuilder.build(AssertionFailureBuilder.java:151)
	at org.junit.jupiter.api.AssertionFailureBuilder.buildAndThrow(AssertionFailureBuilder.java:132)
	at org.junit.jupiter.api.AssertInstanceOf.assertInstanceOf(AssertInstanceOf.java:49)
	at org.junit.jupiter.api.AssertInstanceOf.assertInstanceOf(AssertInstanceOf.java:31)
	at org.junit.jupiter.api.Assertions.assertInstanceOf(Assertions.java:3614)
	at calculator.TestRoot$IntegrationTests.shouldHandleMixedTypeRoots(TestRoot.java:197)
	at java.base/java.lang.reflect.Method.invoke(Method.java:580)
	at java.base/java.util.ArrayList.forEach(ArrayList.java:1596)
	at java.base/java.util.ArrayList.forEach(ArrayList.java:1596)
	at java.base/java.util.ArrayList.forEach(ArrayList.java:1596)

