-------------------------------------------------------------------------------
Test set: calculator.CucumberTest
-------------------------------------------------------------------------------
Tests run: 28, Failures: 8, Errors: 0, Skipped: 0, Time elapsed: 1.890 s <<< FAILURE! -- in calculator.CucumberTest
Integer Arithmetic Expressions.Integer Arithmetic Expressions - Dividing two numbers -- Time elapsed: 0.015 s <<< FAILURE!
org.opentest4j.AssertionFailedError: expected: <1.4> but was: <1.0>
	at calculator.CalculatorSteps.thenTheOperationEvaluatesToDouble(CalculatorSteps.java:235)
	at ✽.the operation evaluates to 1.4(classpath:calculator/calculator.feature:30)

Integer Arithmetic Expressions - Dividing two numbers - Examples.Integer Arithmetic Expressions - Dividing two numbers - Examples - Example #1.2 -- Time elapsed: 0.009 s <<< FAILURE!
org.opentest4j.AssertionFailedError: expected: <1.4> but was: <1.0>
	at calculator.CalculatorSteps.thenTheOperationEvaluatesToDouble(CalculatorSteps.java:235)
	at ✽.the operation evaluates to 1.4(classpath:calculator/calculator.feature:61)

Integer Arithmetic Expressions - Dividing two numbers - Examples.Integer Arithmetic Expressions - Dividing two numbers - Examples - Example #1.3 -- Time elapsed: 0.007 s <<< FAILURE!
org.opentest4j.AssertionFailedError: expected: <0.71> but was: <0.0>
	at calculator.CalculatorSteps.thenTheOperationEvaluatesToDouble(CalculatorSteps.java:235)
	at ✽.the operation evaluates to 0.71(classpath:calculator/calculator.feature:61)

Integer Arithmetic Expressions.Integer Arithmetic Expressions - Adding two real numbers -- Time elapsed: 0.006 s <<< FAILURE!
org.opentest4j.AssertionFailedError: expected: <6.0> but was: <5.0>
	at calculator.CalculatorSteps.thenTheOperationEvaluatesToDouble(CalculatorSteps.java:235)
	at ✽.the operation evaluates to 6.00(classpath:calculator/calculator.feature:97)

Integer Arithmetic Expressions.Integer Arithmetic Expressions - Dividing two real numbers -- Time elapsed: 0.006 s <<< FAILURE!
org.opentest4j.AssertionFailedError: expected: <2.5> but was: <2.0>
	at calculator.CalculatorSteps.thenTheOperationEvaluatesToDouble(CalculatorSteps.java:235)
	at ✽.the operation evaluates to 2.5(classpath:calculator/calculator.feature:103)

Integer Arithmetic Expressions.Integer Arithmetic Expressions - Adding two complex numbers -- Time elapsed: 0.006 s <<< FAILURE!
org.opentest4j.AssertionFailedError: Expected result to be a ComplexValue but got: IntegerValue
	at calculator.CalculatorSteps.thenTheOperationEvaluatesToComplexString(CalculatorSteps.java:285)
	at ✽.the operation evaluates to "3.0+5.0i"(classpath:calculator/calculator.feature:109)

Integer Arithmetic Expressions.Integer Arithmetic Expressions - Multiplying two complex numbers -- Time elapsed: 0.012 s <<< FAILURE!
org.opentest4j.AssertionFailedError: Expected result to be a ComplexValue but got: IntegerValue
	at calculator.CalculatorSteps.thenTheOperationEvaluatesToComplexString(CalculatorSteps.java:285)
	at ✽.the operation evaluates to "11.0+10.0i"(classpath:calculator/calculator.feature:115)

Integer Arithmetic Expressions.Integer Arithmetic Expressions - Dividing two complex numbers -- Time elapsed: 0.006 s <<< FAILURE!
org.opentest4j.AssertionFailedError: Expected result to be a ComplexValue but got: IntegerValue
	at calculator.CalculatorSteps.thenTheOperationEvaluatesToComplexString(CalculatorSteps.java:285)
	at ✽.the operation evaluates to "2.6+0.2i"(classpath:calculator/calculator.feature:121)

