<?xml version="1.0" encoding="UTF-8"?>
<testsuite xmlns:xsi="http://www.w3.org/2001/XMLSchema-instance" xsi:noNamespaceSchemaLocation="https://maven.apache.org/surefire/maven-surefire-plugin/xsd/surefire-test-report.xsd" version="3.0.2" name="calculator.CucumberTest" time="1.89" tests="28" errors="0" skipped="0" failures="8">
  <properties>
[...]
</properties>
  <testcase name="Integer Arithmetic Expressions - Adding two integer numbers" classname="Integer Arithmetic Expressions" time="0.08">
    <system-out><![CDATA[class calculator.values.IntegerValue
9
]]></system-out>
  </testcase>
  <testcase name="Integer Arithmetic Expressions - Subtracting two integer numbers" classname="Integer Arithmetic Expressions" time="0.01">
    <system-out><![CDATA[class calculator.values.IntegerValue
2
]]></system-out>
  </testcase>
  <testcase name="Integer Arithmetic Expressions - Multiplying two integer numbers" classname="Integer Arithmetic Expressions" time="0.014">
    <system-out><![CDATA[class calculator.values.IntegerValue
35
]]></system-out>
  </testcase>
  <testcase name="Integer Arithmetic Expressions - Dividing two numbers" classname="Integer Arithmetic Expressions" time="0.015">
    <failure message="expected: &lt;1.4&gt; but was: &lt;1.0&gt;" type="org.opentest4j.AssertionFailedError"><![CDATA[org.opentest4j.AssertionFailedError: expected: <1.4> but was: <1.0>
	at calculator.CalculatorSteps.thenTheOperationEvaluatesToDouble(CalculatorSteps.java:235)
	at ✽.the operation evaluates to 1.4(classpath:calculator/calculator.feature:30)
]]></failure>
    <system-out><![CDATA[class calculator.values.IntegerValue
1
]]></system-out>
  </testcase>
  <testcase name="Integer Arithmetic Expressions - Printing the sum of two numbers" classname="Integer Arithmetic Expressions" time="0.01"/>
  <testcase name="Integer Arithmetic Expressions - Evaluation arithmetic operations over a list of integer numbers" classname="Integer Arithmetic Expressions" time="0.015"/>
  <testcase name="Integer Arithmetic Expressions - Adding two real numbers" classname="Integer Arithmetic Expressions" time="0.006">
    <failure message="expected: &lt;6.0&gt; but was: &lt;5.0&gt;" type="org.opentest4j.AssertionFailedError"><![CDATA[org.opentest4j.AssertionFailedError: expected: <6.0> but was: <5.0>
	at calculator.CalculatorSteps.thenTheOperationEvaluatesToDouble(CalculatorSteps.java:235)
	at ✽.the operation evaluates to 6.00(classpath:calculator/calculator.feature:97)
]]></failure>
    <system-out><![CDATA[class calculator.values.IntegerValue
5
]]></system-out>
  </testcase>
  <testcase name="Integer Arithmetic Expressions - Dividing two real numbers" classname="Integer Arithmetic Expressions" time="0.006">
    <failure message="expected: &lt;2.5&gt; but was: &lt;2.0&gt;" type="org.opentest4j.AssertionFailedError"><![CDATA[org.opentest4j.AssertionFailedError: expected: <2.5> but was: <2.0>
	at calculator.CalculatorSteps.thenTheOperationEvaluatesToDouble(CalculatorSteps.java:235)
	at ✽.the operation evaluates to 2.5(classpath:calculator/calculator.feature:103)
]]></failure>
    <system-out><![CDATA[class calculator.values.IntegerValue
2
]]></system-out>
  </testcase>
  <testcase name="Integer Arithmetic Expressions - Adding two complex numbers" classname="Integer Arithmetic Expressions" time="0.006">
    <failure message="Expected result to be a ComplexValue but got: IntegerValue" type="org.opentest4j.AssertionFailedError"><![CDATA[org.opentest4j.AssertionFailedError: Expected result to be a ComplexValue but got: IntegerValue
	at calculator.CalculatorSteps.thenTheOperationEvaluatesToComplexString(CalculatorSteps.java:285)
	at ✽.the operation evaluates to "3.0+5.0i"(classpath:calculator/calculator.feature:109)
]]></failure>
  </testcase>
  <testcase name="Integer Arithmetic Expressions - Multiplying two complex numbers" classname="Integer Arithmetic Expressions" time="0.012">
    <failure message="Expected result to be a ComplexValue but got: IntegerValue" type="org.opentest4j.AssertionFailedError"><![CDATA[org.opentest4j.AssertionFailedError: Expected result to be a ComplexValue but got: IntegerValue
	at calculator.CalculatorSteps.thenTheOperationEvaluatesToComplexString(CalculatorSteps.java:285)
	at ✽.the operation evaluates to "11.0+10.0i"(classpath:calculator/calculator.feature:115)
]]></failure>
  </testcase>
  <testcase name="Integer Arithmetic Expressions - Dividing two complex numbers" classname="Integer Arithmetic Expressions" time="0.006">
    <failure message="Expected result to be a ComplexValue but got: IntegerValue" type="org.opentest4j.AssertionFailedError"><![CDATA[org.opentest4j.AssertionFailedError: Expected result to be a ComplexValue but got: IntegerValue
	at calculator.CalculatorSteps.thenTheOperationEvaluatesToComplexString(CalculatorSteps.java:285)
	at ✽.the operation evaluates to "2.6+0.2i"(classpath:calculator/calculator.feature:121)
]]></failure>
  </testcase>
  <testcase name="Integer Arithmetic Expressions - Converting degrees to radians" classname="Integer Arithmetic Expressions" time="0.005"/>
  <testcase name="Integer Arithmetic Expressions - Adding two integer numbers - Examples - Example #1.1" classname="Integer Arithmetic Expressions - Adding two integer numbers - Examples" time="0.006">
    <system-out><![CDATA[class calculator.values.IntegerValue
9
]]></system-out>
  </testcase>
  <testcase name="Integer Arithmetic Expressions - Adding two integer numbers - Examples - Example #1.2" classname="Integer Arithmetic Expressions - Adding two integer numbers - Examples" time="0.006">
    <system-out><![CDATA[class calculator.values.IntegerValue
8
]]></system-out>
  </testcase>
  <testcase name="Integer Arithmetic Expressions - Dividing two numbers - Examples - Example #1.1" classname="Integer Arithmetic Expressions - Dividing two numbers - Examples" time="0.007">
    <system-out><![CDATA[class calculator.values.IntegerValue
7
]]></system-out>
  </testcase>
  <testcase name="Integer Arithmetic Expressions - Dividing two numbers - Examples - Example #1.2" classname="Integer Arithmetic Expressions - Dividing two numbers - Examples" time="0.009">
    <failure message="expected: &lt;1.4&gt; but was: &lt;1.0&gt;" type="org.opentest4j.AssertionFailedError"><![CDATA[org.opentest4j.AssertionFailedError: expected: <1.4> but was: <1.0>
	at calculator.CalculatorSteps.thenTheOperationEvaluatesToDouble(CalculatorSteps.java:235)
	at ✽.the operation evaluates to 1.4(classpath:calculator/calculator.feature:61)
]]></failure>
    <system-out><![CDATA[class calculator.values.IntegerValue
1
]]></system-out>
  </testcase>
  <testcase name="Integer Arithmetic Expressions - Dividing two numbers - Examples - Example #1.3" classname="Integer Arithmetic Expressions - Dividing two numbers - Examples" time="0.007">
    <failure message="expected: &lt;0.71&gt; but was: &lt;0.0&gt;" type="org.opentest4j.AssertionFailedError"><![CDATA[org.opentest4j.AssertionFailedError: expected: <0.71> but was: <0.0>
	at calculator.CalculatorSteps.thenTheOperationEvaluatesToDouble(CalculatorSteps.java:235)
	at ✽.the operation evaluates to 0.71(classpath:calculator/calculator.feature:61)
]]></failure>
    <system-out><![CDATA[class calculator.values.IntegerValue
0
]]></system-out>
  </testcase>
  <testcase name="Integer Arithmetic Expressions - Evaluating arithmetic operations with two integer parameters - Examples - Example #1.1" classname="Integer Arithmetic Expressions - Evaluating arithmetic operations with two integer parameters - Examples" time="0.007">
    <system-out><![CDATA[class calculator.values.IntegerValue
9
]]></system-out>
  </testcase>
  <testcase name="Integer Arithmetic Expressions - Evaluating arithmetic operations with two integer parameters - Examples - Example #1.2" classname="Integer Arithmetic Expressions - Evaluating arithmetic operations with two integer parameters - Examples" time="0.007">
    <system-out><![CDATA[class calculator.values.IntegerValue
3
]]></system-out>
  </testcase>
  <testcase name="Integer Arithmetic Expressions - Evaluating arithmetic operations with two integer parameters - Examples - Example #1.3" classname="Integer Arithmetic Expressions - Evaluating arithmetic operations with two integer parameters - Examples" time="0.006">
    <system-out><![CDATA[class calculator.values.IntegerValue
14
]]></system-out>
  </testcase>
  <testcase name="Integer Arithmetic Expressions - Evaluating arithmetic operations with two integer parameters - Examples - Example #1.4" classname="Integer Arithmetic Expressions - Evaluating arithmetic operations with two integer parameters - Examples" time="0.005">
    <system-out><![CDATA[class calculator.values.IntegerValue
3
]]></system-out>
  </testcase>
  <testcase name="Integer Arithmetic Expressions - Displaying a composite expression with consistent notation - Examples - Example #1.1" classname="Integer Arithmetic Expressions - Displaying a composite expression with consistent notation - Examples" time="0.009"/>
  <testcase name="Integer Arithmetic Expressions - Displaying a composite expression with consistent notation - Examples - Example #1.2" classname="Integer Arithmetic Expressions - Displaying a composite expression with consistent notation - Examples" time="0.006"/>
  <testcase name="Integer Arithmetic Expressions - Displaying a composite expression with consistent notation - Examples - Example #1.3" classname="Integer Arithmetic Expressions - Displaying a composite expression with consistent notation - Examples" time="0.005"/>
  <testcase name="Integer Arithmetic Expressions - Converting degrees to radians - Examples - Example #1.1" classname="Integer Arithmetic Expressions - Converting degrees to radians - Examples" time="0.004"/>
  <testcase name="Integer Arithmetic Expressions - Converting degrees to radians - Examples - Example #1.2" classname="Integer Arithmetic Expressions - Converting degrees to radians - Examples" time="0.004"/>
  <testcase name="Integer Arithmetic Expressions - Converting degrees to radians - Examples - Example #1.3" classname="Integer Arithmetic Expressions - Converting degrees to radians - Examples" time="0.004"/>
  <testcase name="Integer Arithmetic Expressions - Converting degrees to radians - Examples - Example #1.4" classname="Integer Arithmetic Expressions - Converting degrees to radians - Examples" time="0.004"/>
</testsuite>